This is pdfTeX, Version 3.141592653-2.6-1.40.27 (TeX Live 2026/dev/Arch Linux) (preloaded format=template 2025.4.23)  24 SEP 2025 16:48
entering extended mode
 restricted \write18 enabled.
 file:line:error style messages enabled.
 %&-line parsing enabled.
**03-Implementation.tex
(./03-Implementation.tex
LaTeX2e <2024-11-01> patch level 2
L3 programming layer <2025-01-18>

==============================================================================
JOB NAME         : "03-Implementation"
CUSTOMISED FORMAT: "template"
PRELOADED FILES:
 article.cls    2024/06/29 v1.4n Standard LaTeX document class
  size11.clo    2024/06/29 v1.4n Standard LaTeX file (size option)
subfiles.sty    2020/11/14 v2.2 Multi-file projects (package)
  import.sty    2020/04/01  v 6.2
template/template.sty    2021/06/31 package template
 silence.sty    2012/07/02 v1.5b Selective filtering of warnings and error mess
ages
 fontenc.sty    2021/04/29 v2.0v Standard LaTeX package
inputenc.sty    2024/02/08 v1.3d Input encoding file
   babel.sty    2025/02/14 v25.4 The multilingual framework for pdfLaTeX, LuaLa
TeX and XeLaTeX
 english.ldf    2017/06/06 v3.3r English support from the babel system
babel-english.tex
 titling.sty    2009/09/04 v2.1d maketitle typesetting
fancyhdr.sty    2025/02/07 v5.2 Extensive control of page headers and footers
geometry.sty    2020/01/02 v5.9 Page Geometry
  keyval.sty    2022/05/29 v1.15 key=value parser (DPC)
  ifvtex.sty    2019/10/25 v1.7 ifvtex legacy package. Use iftex instead.
   iftex.sty    2024/12/12 v1.0g TeX engine tests
 lmodern.sty    2015/05/01 v1.6.1 Latin Modern Fonts
 amsmath.sty    2024/11/05 v2.17t AMS math features
 amstext.sty    2021/08/26 v2.01 AMS text
  amsgen.sty    1999/11/30 v2.0 generic functions
  amsbsy.sty    1999/11/29 v1.2d Bold Symbols
  amsopn.sty    2022/04/08 v2.04 operator names
amsfonts.sty    2013/01/14 v3.01 Basic AMSFonts support
 amssymb.sty    2013/01/14 v3.01 AMS font symbols
stmaryrd.sty    1994/03/03 St Mary's Road symbol package
datetime.sty    2015/03/20 v2.60 Date Time Package
etoolbox.sty    2025/02/11 v2.5l e-TeX tools for LaTeX (JAW)
fmtcount.sty    2025/02/09 v3.10 Displaying the values of LaTeX counters (NT,VB
,NE)
  ifthen.sty    2024/03/16 v1.1e Standard LaTeX ifthen package (DPC)
 xkeyval.sty    2022/06/16 v2.9 package option processing (HA)
 xkeyval.tex    2014/12/03 v2.7a key=value parser (HA)
fcprefix.sty    2012/09/28
fcnumparser.sty    2017/06/15
fc-english.def    2016/01/12
datetime-defaults.sty    2013/09/10
   trace.sty    2021/04/18 v1.1f trace LaTeX code
 pgfkeys.sty    
pgfkeys.code.tex
csquotes.sty    2024-04-04 v5.2o context-sensitive quotations (JAW)
csquotes.def    2024-04-04 v5.2o csquotes generic definitions (JAW)
csquotes.cfg    
  xparse.sty    2024-08-16 L3 Experimental document command parser
   expl3.sty    2025-01-18 L3 programming layer (loader) 
l3backend-pdftex.def    2024-05-08 L3 backend support: PDF output (pdfTeX)
    zref.sty    2023-09-14 v2.35 A new reference scheme for LaTeX (HO)
zref-base.sty    2023-09-14 v2.35 Module base for zref (HO)
 ltxcmds.sty    2023-12-04 v1.26 LaTeX kernel commands for general use (HO)
infwarerr.sty    2019/12/03 v1.5 Providing info/warning/error messages (HO)
kvsetkeys.sty    2022-10-05 v1.19 Key value parser (HO)
kvdefinekeys.sty    2019-12-19 v1.6 Define keys (HO)
pdftexcmds.sty    2020-06-27 v0.33 Utility functions of pdfTeX for LuaTeX (HO)
etexcmds.sty    2019/12/15 v1.7 Avoid name clashes with e-TeX commands (HO)
 auxhook.sty    2019-12-17 v1.6 Hooks for auxiliary files (HO)
zref-lastpage.sty    2023-09-14 v2.35 Module lastpage for zref (HO)
zref-abspage.sty    2023-09-14 v2.35 Module abspage for zref (HO)
nicefrac.sty    1998/08/04 v0.9b Nice fractions
    xurl.sty    2022/01/09 v 0.10 modify URL breaks
     url.sty    2013/09/16  ver 3.4  Verb mode for urls, etc.
  xcolor.sty    2024/09/29 v3.02 LaTeX color extensions (UK)
   color.cfg    2016/01/02 v1.6 sample color configuration
  pdftex.def    2024/04/13 v1.2c Graphics/color driver for pdftex
mathcolor.ltx
  svgnam.def    2024/09/29 v3.02 Predefined colors according to SVG 1.1 (UK)
 tocloft.sty    2017/08/31 v2.3i parameterised ToC, etc., typesetting
hyperref.sty    2024-11-05 v7.01l Hypertext links for LaTeX
pdfescape.sty    2019/12/09 v1.15 Implements pdfTeX's escape features (HO)
 hycolor.sty    2020-01-27 v1.10 Color options for hyperref/bookmark (HO)
 nameref.sty    2023-11-26 v2.56 Cross-referencing by name of section
refcount.sty    2019/12/15 v3.6 Data extraction from label references (HO)
gettitlestring.sty    2019/12/15 v1.6 Cleanup title references (HO)
kvoptions.sty    2022-06-15 v3.15 Key value format for package options (HO)
stringenc.sty    2019/11/29 v1.12 Convert strings between diff. encodings (HO)
  pd1enc.def    2024-11-05 v7.01l Hyperref: PDFDocEncoding definition (HO)
 intcalc.sty    2019/12/15 v1.3 Expandable calculations with integers (HO)
   puenc.def    2024-11-05 v7.01l Hyperref: PDF Unicode definition (HO)
  bitset.sty    2019/12/09 v1.3 Handle bit-vector datatype (HO)
bigintcalc.sty    2019/12/15 v1.5 Expandable calculations on big integers (HO)
atbegshi-ltx.sty    2021/01/10 v1.0c Emulation of the original atbegshi
package with kernel methods
 hpdftex.def    2024-11-05 v7.01l Hyperref driver for pdfTeX
atveryend-ltx.sty    2020/08/19 v1.0a Emulation of the original atveryend packa
ge
with kernel methods
rerunfilecheck.sty    2022-07-10 v1.10 Rerun checks for auxiliary files (HO)
uniquecounter.sty    2019/12/15 v1.4 Provide unlimited unique counter (HO)
graphicx.sty    2021/09/16 v1.2d Enhanced LaTeX Graphics (DPC,SPQR)
graphics.sty    2024/08/06 v1.4g Standard LaTeX Graphics (DPC,SPQR)
    trig.sty    2023/12/02 v1.11 sin cos tan (DPC)
graphics.cfg    2016/06/04 v1.11 sample graphics configuration
 xstring.sty    2023/08/22 v1.86 String manipulations (CT)
  xspace.sty    2014/10/28 v1.13 Space after command names (DPC,MH)
 xifthen.sty    2015/11/05 v1.4.0 Extended ifthen features
    calc.sty    2023/07/08 v4.3 Infix arithmetic (KKT,FJ)
 ifmtarg.sty    2018/04/16 v1.2b check for an empty argument
microtype.sty    2025/02/11 v3.2a Micro-typographical refinements (RS)
microtype-pdftex.def    2025/02/11 v3.2a Definitions specific to pdftex (RS)
microtype.cfg    2025/02/11 v3.2a microtype main configuration file (RS)
template/ifStatements.sty    
template/ezkeys.sty    2013/04/18 Add-ons for even easier and more powerful pgf
keys
  pgffor.sty    2023-01-15 v3.1.10 (3.1.10)
  pgfrcs.sty    2023-01-15 v3.1.10 (3.1.10)
pgfrcs.code.tex
 pgfmath.sty    
pgfmath.code.tex
pgffor.code.tex
template/moduleStyles.sty    2021/07/06
template/credentials.sty    2021/06/29
readarray.sty    2021/09/17\ 3.1\ Routines for inputting 2D and 3D array data a
nd recalling it on an element-by-element basis.
 forloop.sty    2023/05/03 v3.0 For Loops for LaTeX
listofitems.sty    2024/03/09 v1.65 Grab items in lists using user-specified se
p char (CT)
template/templateMedium.sty    2021/06/15
scalerel.sty    2016/12/29 v1.8 Routines for constrained scaling and stretching
 of objects, relative to a reference object or in absolute terms
stackengine.sty    2021/07/22 v4.11\ Stacking text and objects in convenient wa
ys
mathtools.sty    2024/10/04 v1.31 mathematical typesetting tools
 mhsetup.sty    2021/03/18 v1.4 programming setup (MH)
   array.sty    2024/10/17 v2.6g Tabular extension package (FMi)
multirow.sty    2024/11/12 v2.9 Span multiple rows of a table
 physics.sty    
aligned-overset.sty    2018/04/04 v0.1.0 aligned overset and underset
stackrel.sty    2016/05/16 v1.3 Adding subscript option to stackrel (HO)
 wasysym.sty    2020/01/19 v2.4 Wasy-2 symbol support package
centernot.sty    2016/05/16 v1.4 Centers the not symbol horizontally (HO)
algorithm2e.sty    2017/07/18 v5.2 algorithms environments
ifoddpage.sty    2022/10/18 v1.2 Conditionals for odd/even page detection
 relsize.sty    2013/03/29 ver 4.1
typearea.sty    2024/10/24 v3.43 KOMA-Script package (type area)
scrkbase.sty    2024/10/24 v3.43 KOMA-Script package (KOMA-Script-dependent bas
ics and keyval usage)
 scrbase.sty    2024/10/24 v3.43 KOMA-Script package (KOMA-Script-independent b
asics and keyval usage)
scrlfile.sty    2024/10/24 v3.43 KOMA-Script package (file load hooks)
scrlfile-hook.sty    2024/10/24 v3.43 KOMA-Script package (using LaTeX hooks)
 scrlogo.sty    2024/10/24 v3.43 KOMA-Script package (logo)
   t1lmr.fd    2015/05/01 v1.6.1 Font defs for Latin Modern
enumitem.sty    2025/02/06 v3.11 Customized lists
  hhline.sty    2020/01/04 v2.04 Table rule package (DPC)
textcomp.sty    2024/04/24 v2.1b Standard LaTeX package
footmisc.sty    2024/12/24 v6.0g a miscellany of footnote facilities
   float.sty    2001/11/08 v1.3d Float enhancements (AL)
makecell.sty    2009/08/03 V0.1e Managing of Tab Column Heads and Cells
setspace.sty    2022/12/04 v6.7b set line spacing
template/templateAll.sty    2021/06/15
    tikz.sty    2023-01-15 v3.1.10 (3.1.10)
     pgf.sty    2023-01-15 v3.1.10 (3.1.10)
 pgfcore.sty    2023-01-15 v3.1.10 (3.1.10)
  pgfsys.sty    2023-01-15 v3.1.10 (3.1.10)
pgfsys.code.tex
pgfsyssoftpath.code.tex    2023-01-15 v3.1.10 (3.1.10)
pgfsysprotocol.code.tex    2023-01-15 v3.1.10 (3.1.10)
pgfcore.code.tex
pgfcomp-version-0-65.sty    2023-01-15 v3.1.10 (3.1.10)
pgfcomp-version-1-18.sty    2023-01-15 v3.1.10 (3.1.10)
tikz.code.tex
pgfplots.sty    2021/05/15 v1.18.1 Data Visualization (1.18.1)
 parskip.sty    2021-03-14 v2.0h non-zero parskip adjustments
  ot1lmr.fd    2015/05/01 v1.6.1 Font defs for Latin Modern
  omllmm.fd    2015/05/01 v1.6.1 Font defs for Latin Modern
 omslmsy.fd    2015/05/01 v1.6.1 Font defs for Latin Modern
 omxlmex.fd    2015/05/01 v1.6.1 Font defs for Latin Modern
    umsa.fd    2013/01/14 v3.01 AMS symbols A
    umsb.fd    2013/01/14 v3.01 AMS symbols B
  Ustmry.fd
   uwasy.fd    2020/01/19 v2.4 Wasy-2 symbol font definitions
  t1lmtt.fd    2015/05/01 v1.6.1 Font defs for Latin Modern
  t1lmss.fd    2015/05/01 v1.6.1 Font defs for Latin Modern

==============================================================================
(mylatexformat)Info: start reading document "03-Implementation"
(mylatexformat)      on input line 6. (\begin{document})
==============================================================================
Package csquotes Info: Checking for multilingual support...
Package csquotes Info: ... found 'babel' package.
Package csquotes Info: Adjusting default style.
Package csquotes Info: Redefining alias 'default' -> 'english'.

(/home/emily/Documents/Uni/Study/Bachelor-Thesis/paper/target/03-Implementation
.aux)
\openout1 = `03-Implementation.aux'.

LaTeX Font Info:    Checking defaults for OML/cmm/m/it on input line 6.
LaTeX Font Info:    ... okay on input line 6.
LaTeX Font Info:    Checking defaults for OMS/cmsy/m/n on input line 6.
LaTeX Font Info:    ... okay on input line 6.
LaTeX Font Info:    Checking defaults for OT1/cmr/m/n on input line 6.
LaTeX Font Info:    ... okay on input line 6.
LaTeX Font Info:    Checking defaults for T1/cmr/m/n on input line 6.
LaTeX Font Info:    ... okay on input line 6.
LaTeX Font Info:    Checking defaults for TS1/cmr/m/n on input line 6.
LaTeX Font Info:    ... okay on input line 6.
LaTeX Font Info:    Checking defaults for OMX/cmex/m/n on input line 6.
LaTeX Font Info:    ... okay on input line 6.
LaTeX Font Info:    Checking defaults for U/cmr/m/n on input line 6.
LaTeX Font Info:    ... okay on input line 6.
LaTeX Font Info:    Checking defaults for PD1/pdf/m/n on input line 6.
LaTeX Font Info:    ... okay on input line 6.
LaTeX Font Info:    Checking defaults for PU/pdf/m/n on input line 6.
LaTeX Font Info:    ... okay on input line 6.

*geometry* driver: auto-detecting
*geometry* detected driver: pdftex
*geometry* verbose mode - [ preamble ] result:
* driver: pdftex
* paper: a4paper
* layout: <same size as paper>
* layoutoffset:(h,v)=(0.0pt,0.0pt)
* modes: 
* h-part:(L,W,R)=(56.90552pt, 483.69684pt, 56.90552pt)
* v-part:(T,H,B)=(64.87228pt, 682.86613pt, 97.30843pt)
* \paperwidth=597.50787pt
* \paperheight=845.04684pt
* \textwidth=483.69684pt
* \textheight=682.86613pt
* \oddsidemargin=-15.36447pt
* \evensidemargin=-15.36447pt
* \topmargin=-44.79771pt
* \headheight=20.0pt
* \headsep=25.0pt
* \topskip=11.0pt
* \footskip=47.6pt
* \marginparwidth=59.7508pt
* \marginparsep=12.8401pt
* \columnsep=10.0pt
* \skip\footins=19.0pt
* \hoffset=0.0pt
* \voffset=0.0pt
* \mag=1000
* \@twocolumnfalse
* \@twosidefalse
* \@mparswitchfalse
* \@reversemarginfalse
* (1in=72.27pt=25.4mm, 1cm=28.453pt)

(/usr/share/texmf-dist/tex/context/base/mkii/supp-pdf.mkii
[Loading MPS to PDF converter (version 2006.09.02).]
\scratchcounter=\count412
\scratchdimen=\dimen323
\scratchbox=\box110
\nofMPsegments=\count413
\nofMParguments=\count414
\everyMPshowfont=\toks70
\MPscratchCnt=\count415
\MPscratchDim=\dimen324
\MPnumerator=\count416
\makeMPintoPDFobject=\count417
\everyMPtoPDFconversion=\toks71
) (/usr/share/texmf-dist/tex/latex/epstopdf-pkg/epstopdf-base.sty
Package: epstopdf-base 2020-01-24 v2.11 Base part for package epstopdf
Package epstopdf-base Info: Redefining graphics rule for `.eps' on input line 4
85.

(/usr/share/texmf-dist/tex/latex/latexconfig/epstopdf-sys.cfg
File: epstopdf-sys.cfg 2010/07/13 v1.3 Configuration of (r)epstopdf for TeX Liv
e
))
Package hyperref Info: Link coloring ON on input line 6.

(/home/emily/Documents/Uni/Study/Bachelor-Thesis/paper/target/03-Implementation
.out)
(/home/emily/Documents/Uni/Study/Bachelor-Thesis/paper/target/03-Implementation
.out)
\@outlinefile=\write4
\openout4 = `03-Implementation.out'.

LaTeX Info: Redefining \microtypecontext on input line 6.
Package microtype Info: Applying patch `item' on input line 6.
Package microtype Info: Applying patch `toc' on input line 6.
Package microtype Info: Applying patch `eqnum' on input line 6.


Package microtype Warning: Unable to apply patch `footnote' on input line 6.

Package microtype Info: Applying patch `verbatim' on input line 6.
LaTeX Info: Redefining \microtypesetup on input line 6.
Package microtype Info: Generating PDF output.
Package microtype Info: Character protrusion enabled (level 2).
Package microtype Info: Using default protrusion set `alltext'.
Package microtype Info: Automatic font expansion enabled (level 2),
(microtype)             stretch: 20, shrink: 20, step: 1, non-selected.
Package microtype Info: Using default expansion set `alltext-nott'.
LaTeX Info: Redefining \showhyphens on input line 6.
Package microtype Info: No adjustment of tracking.
Package microtype Info: No adjustment of interword spacing.
Package microtype Info: No adjustment of character kerning.
(/usr/share/texmf-dist/tex/latex/microtype/mt-cmr.cfg
File: mt-cmr.cfg 2013/05/19 v2.2 microtype config. file: Computer Modern Roman 
(RS)
)
Package pgfplots notification 'compat/show suggested version=true': document ha
s been generated with the most recent feature set (\pgfplotsset{compat=1.18}).

Package microtype Info: Loading generic protrusion settings for font family
(microtype)             `lmtt' (encoding: T1).
(microtype)             For optimal results, create family-specific settings.
(microtype)             See the microtype manual for details.
LaTeX Font Info:    Font shape `T1/lmtt/bx/n' in size <10.95> not available
(Font)              Font shape `T1/lmtt/b/n' tried instead on input line 49.


(/usr/share/texmf-dist/tex/latex/microtype/mt-msa.cfg
File: mt-msa.cfg 2006/02/04 v1.1 microtype config. file: AMS symbols (a) (RS)
)
(/usr/share/texmf-dist/tex/latex/microtype/mt-msb.cfg
File: mt-msb.cfg 2005/06/01 v1.0 microtype config. file: AMS symbols (b) (RS)
) [1{/var/lib/texmf/fonts/map/pdftex/updmap/pdftex.map}{/usr/share/texmf-dist/f
onts/enc/dvips/lm/lm-ec.enc}
pdfTeX warning (ext4): destination with the same identifier (name{figure.1}) ha
s been already used, duplicate ignored
<argument> ...shipout:D \box_use:N \l_shipout_box 
                                                  \__shipout_drop_firstpage_...
l.51 
     {/usr/share/texmf-dist/fonts/enc/dvips/lm/lm-mathit.enc}]

[2
pdfTeX warning (ext4): destination with the same identifier (name{figure.2}) ha
s been already used, duplicate ignored
<argument> ...shipout:D \box_use:N \l_shipout_box 
                                                  \__shipout_drop_firstpage_...
l.65     \clearpage
                   ]
LaTeX Font Info:    External font `lmex10' loaded for size
(Font)              <9> on input line 82.
LaTeX Font Info:    External font `lmex10' loaded for size
(Font)              <5> on input line 82.


[3


]
(/home/emily/Documents/Uni/Study/Bachelor-Thesis/paper/target/03-Implementation
.aux)
 ***********
LaTeX2e <2024-11-01> patch level 2
L3 programming layer <2025-01-18>
 ***********


LaTeX Warning: Label(s) may have changed. Rerun to get cross-references right.

Package rerunfilecheck Info: File `03-Implementation.out' has not changed.
(rerunfilecheck)             Checksum: F301F4192EB327DCB1048C3A9904842A;1045.
 ) 
Here is how much of TeX's memory you used:
 1028 strings out of 430339
 19490 string characters out of 4773406
 1636362 words of memory out of 5000000
 67828 multiletter control sequences out of 15000+600000
 655402 words of font info for 135 fonts, out of 8000000 for 9000
 14 hyphenation exceptions out of 8191
 46i,14n,66p,1014b,522s stack positions out of 10000i,1000n,20000p,200000b,200000s

pdfTeX warning (dest): name{Hfootnote.1} has been referenced but does not exist
, replaced by a fixed one

</usr/share/texmf-dist/fonts/type1/public/lm/lmbx10.pfb></usr/share/texmf-dist/
fonts/type1/public/lm/lmbx12.pfb></usr/share/texmf-dist/fonts/type1/public/lm/l
mmi10.pfb></usr/share/texmf-dist/fonts/type1/public/lm/lmr10.pfb></usr/share/te
xmf-dist/fonts/type1/public/lm/lmr6.pfb></usr/share/texmf-dist/fonts/type1/publ
ic/lm/lmr8.pfb></usr/share/texmf-dist/fonts/type1/public/lm/lmri10.pfb></usr/sh
are/texmf-dist/fonts/type1/public/lm/lmtk10.pfb></usr/share/texmf-dist/fonts/ty
pe1/public/lm/lmtt10.pfb></usr/share/texmf-dist/fonts/type1/public/lm/lmtt9.pfb
>
Output written on /home/emily/Documents/Uni/Study/Bachelor-Thesis/paper/target/
03-Implementation.pdf (3 pages, 216259 bytes).
PDF statistics:
 115 PDF objects out of 1000 (max. 8388607)
 89 compressed objects within 1 object stream
 14 named destinations out of 1000 (max. 500000)
 32325 words of extra memory for PDF output out of 35830 (max. 10000000)

